Determining if the pthread_create exist failed with the following output:
Change Dir: /home/jenazads/github/ComputerScience_UCSP/MCC203_Graficos/Trabajo_2_Fast-Winding-Numbers/fast-winding-number-soups/build/CMakeFiles/CMakeTmp

Run Build Command:"/usr/bin/make" "cmTC_c6ac3/fast"
/usr/bin/make -f CMakeFiles/cmTC_c6ac3.dir/build.make CMakeFiles/cmTC_c6ac3.dir/build
make[1]: Entering directory '/home/jenazads/github/ComputerScience_UCSP/MCC203_Graficos/Trabajo_2_Fast-Winding-Numbers/fast-winding-number-soups/build/CMakeFiles/CMakeTmp'
Building C object CMakeFiles/cmTC_c6ac3.dir/CheckSymbolExists.c.o
/usr/bin/cc   -fPIC    -o CMakeFiles/cmTC_c6ac3.dir/CheckSymbolExists.c.o   -c /home/jenazads/github/ComputerScience_UCSP/MCC203_Graficos/Trabajo_2_Fast-Winding-Numbers/fast-winding-number-soups/build/CMakeFiles/CMakeTmp/CheckSymbolExists.c
Linking C executable cmTC_c6ac3
/usr/bin/cmake -E cmake_link_script CMakeFiles/cmTC_c6ac3.dir/link.txt --verbose=1
/usr/bin/cc  -fPIC     -rdynamic CMakeFiles/cmTC_c6ac3.dir/CheckSymbolExists.c.o  -o cmTC_c6ac3 
CMakeFiles/cmTC_c6ac3.dir/CheckSymbolExists.c.o: In function `main':
CheckSymbolExists.c:(.text+0x1b): undefined reference to `pthread_create'
collect2: error: ld returned 1 exit status
CMakeFiles/cmTC_c6ac3.dir/build.make:97: recipe for target 'cmTC_c6ac3' failed
make[1]: *** [cmTC_c6ac3] Error 1
make[1]: Leaving directory '/home/jenazads/github/ComputerScience_UCSP/MCC203_Graficos/Trabajo_2_Fast-Winding-Numbers/fast-winding-number-soups/build/CMakeFiles/CMakeTmp'
Makefile:126: recipe for target 'cmTC_c6ac3/fast' failed
make: *** [cmTC_c6ac3/fast] Error 2

File /home/jenazads/github/ComputerScience_UCSP/MCC203_Graficos/Trabajo_2_Fast-Winding-Numbers/fast-winding-number-soups/build/CMakeFiles/CMakeTmp/CheckSymbolExists.c:
/* */
#include <pthread.h>

int main(int argc, char** argv)
{
  (void)argv;
#ifndef pthread_create
  return ((int*)(&pthread_create))[argc];
#else
  (void)argc;
  return 0;
#endif
}

Determining if the function pthread_create exists in the pthreads failed with the following output:
Change Dir: /home/jenazads/github/ComputerScience_UCSP/MCC203_Graficos/Trabajo_2_Fast-Winding-Numbers/fast-winding-number-soups/build/CMakeFiles/CMakeTmp

Run Build Command:"/usr/bin/make" "cmTC_e3a83/fast"
/usr/bin/make -f CMakeFiles/cmTC_e3a83.dir/build.make CMakeFiles/cmTC_e3a83.dir/build
make[1]: Entering directory '/home/jenazads/github/ComputerScience_UCSP/MCC203_Graficos/Trabajo_2_Fast-Winding-Numbers/fast-winding-number-soups/build/CMakeFiles/CMakeTmp'
Building C object CMakeFiles/cmTC_e3a83.dir/CheckFunctionExists.c.o
/usr/bin/cc   -fPIC -DCHECK_FUNCTION_EXISTS=pthread_create   -o CMakeFiles/cmTC_e3a83.dir/CheckFunctionExists.c.o   -c /usr/share/cmake-3.10/Modules/CheckFunctionExists.c
Linking C executable cmTC_e3a83
/usr/bin/cmake -E cmake_link_script CMakeFiles/cmTC_e3a83.dir/link.txt --verbose=1
/usr/bin/cc  -fPIC -DCHECK_FUNCTION_EXISTS=pthread_create    -rdynamic CMakeFiles/cmTC_e3a83.dir/CheckFunctionExists.c.o  -o cmTC_e3a83 -lpthreads 
/usr/bin/x86_64-linux-gnu-ld: cannot find -lpthreads
collect2: error: ld returned 1 exit status
CMakeFiles/cmTC_e3a83.dir/build.make:97: recipe for target 'cmTC_e3a83' failed
make[1]: *** [cmTC_e3a83] Error 1
make[1]: Leaving directory '/home/jenazads/github/ComputerScience_UCSP/MCC203_Graficos/Trabajo_2_Fast-Winding-Numbers/fast-winding-number-soups/build/CMakeFiles/CMakeTmp'
Makefile:126: recipe for target 'cmTC_e3a83/fast' failed
make: *** [cmTC_e3a83/fast] Error 2


